<?xml version="1.0" encoding="UTF-8"?>
<coverage generated="1739430888771" clover="3.2.0">
  <project timestamp="1739430888772" name="All files">
    <metrics statements="17" coveredstatements="17" conditionals="0" coveredconditionals="0" methods="7" coveredmethods="7" elements="24" coveredelements="24" complexity="0" loc="17" ncloc="17" packages="1" files="3" classes="3"/>
    <file name="getSum.ts" path="D:\Programming\UMSL_4011_Project\promise_lecture\getSum.ts">
      <metrics statements="2" coveredstatements="2" conditionals="0" coveredconditionals="0" methods="1" coveredmethods="1"/>
      <line num="1" count="1" type="stmt"/>
      <line num="2" count="2" type="stmt"/>
    </file>
    <file name="network.ts" path="D:\Programming\UMSL_4011_Project\promise_lecture\network.ts">
      <metrics statements="6" coveredstatements="6" conditionals="0" coveredconditionals="0" methods="2" coveredmethods="2"/>
      <line num="1" count="1" type="stmt"/>
      <line num="3" count="2" type="stmt"/>
      <line num="4" count="2" type="stmt"/>
      <line num="5" count="2" type="stmt"/>
      <line num="6" count="1" type="stmt"/>
      <line num="8" count="1" type="stmt"/>
    </file>
    <file name="storeManagement.ts" path="D:\Programming\UMSL_4011_Project\promise_lecture\storeManagement.ts">
      <metrics statements="9" coveredstatements="9" conditionals="0" coveredconditionals="0" methods="4" coveredmethods="4"/>
      <line num="9" count="1" type="stmt"/>
      <line num="10" count="2" type="stmt"/>
      <line num="11" count="4" type="stmt"/>
      <line num="13" count="2" type="stmt"/>
      <line num="20" count="1" type="stmt"/>
      <line num="21" count="1" type="stmt"/>
      <line num="26" count="2" type="stmt"/>
      <line num="30" count="2" type="stmt"/>
      <line num="32" count="1" type="stmt"/>
    </file>
  </project>
</coverage>
