TN:
SF:getSum.ts
FN:1,(anonymous_0)
FNF:1
FNH:1
FNDA:2,(anonymous_0)
DA:1,1
DA:2,2
LF:2
LH:2
BRF:0
BRH:0
end_of_record
TN:
SF:network.ts
FN:3,(anonymous_7)
FN:3,(anonymous_8)
FNF:2
FNH:2
FNDA:2,(anonymous_7)
FNDA:2,(anonymous_8)
DA:1,1
DA:3,2
DA:4,2
DA:5,2
DA:6,1
DA:8,1
LF:6
LH:6
BRF:0
BRH:0
end_of_record
TN:
SF:storeManagement.ts
FN:9,(anonymous_0)
FN:10,(anonymous_1)
FN:20,(anonymous_2)
FN:21,(anonymous_3)
FNF:4
FNH:4
FNDA:2,(anonymous_0)
FNDA:4,(anonymous_1)
FNDA:1,(anonymous_2)
FNDA:2,(anonymous_3)
DA:9,1
DA:10,2
DA:11,4
DA:13,2
DA:20,1
DA:21,1
DA:26,2
DA:30,2
DA:32,1
LF:9
LH:9
BRF:0
BRH:0
end_of_record
